0 info it worked if it ends with ok
1 verbose cli [ '/usr/bin/node', '/usr/bin/npm', 'link' ]
2 info using npm@1.3.17
3 info using node@v0.10.23
4 verbose node symlink /usr/bin/node
5 verbose linkPkg /home/cyril/dev/generator-mangrove-module
6 error Error: EACCES, unlink '/usr/lib/node_modules/generator-mangrove-module'
6 error  { [Error: EACCES, unlink '/usr/lib/node_modules/generator-mangrove-module']
6 error   errno: 3,
6 error   code: 'EACCES',
6 error   path: '/usr/lib/node_modules/generator-mangrove-module' }
7 error Please try running this command again as root/Administrator.
8 error System Linux 3.8.0-34-generic
9 error command "/usr/bin/node" "/usr/bin/npm" "link"
10 error cwd /home/cyril/dev/generator-mangrove-module
11 error node -v v0.10.23
12 error npm -v 1.3.17
13 error path /usr/lib/node_modules/generator-mangrove-module
14 error code EACCES
15 error errno 3
16 error stack Error: EACCES, unlink '/usr/lib/node_modules/generator-mangrove-module'
17 verbose exit [ 3, true ]
